<?xml version="1.0" encoding="UTF-8"?>
<testng-results skipped="0" failed="0" ignored="0" total="1" passed="1">
  <reporter-output>
  </reporter-output>
  <suite name="Default suite" duration-ms="7046" started-at="2019-05-04T04:57:59Z" finished-at="2019-05-04T04:58:06Z">
    <groups>
    </groups>
    <test name="Default test" duration-ms="7046" started-at="2019-05-04T04:57:59Z" finished-at="2019-05-04T04:58:06Z">
      <class name="WebServiceTesting.API.GetTest">
        <test-method status="PASS" signature="readExcel()[pri:0, instance:WebServiceTesting.API.GetTest@d2cc05a]" name="readExcel" duration-ms="6998" started-at="2019-05-04T04:57:59Z" finished-at="2019-05-04T04:58:06Z">
          <reporter-output>
          </reporter-output>
        </test-method> <!-- readExcel -->
      </class> <!-- WebServiceTesting.API.GetTest -->
    </test> <!-- Default test -->
  </suite> <!-- Default suite -->
</testng-results>
