<?xml version="1.0" encoding="UTF-8"?>
<testng-results skipped="0" failed="0" ignored="0" total="1" passed="1">
  <reporter-output>
  </reporter-output>
  <suite name="Default suite" duration-ms="1069918" started-at="2019-05-03T17:41:20Z" finished-at="2019-05-03T17:59:10Z">
    <groups>
    </groups>
    <test name="Default test" duration-ms="1069918" started-at="2019-05-03T17:41:20Z" finished-at="2019-05-03T17:59:10Z">
      <class name="WebServiceTesting.API.GetTest">
        <test-method status="PASS" signature="readExcel()[pri:0, instance:WebServiceTesting.API.GetTest@10e92f8f]" name="readExcel" duration-ms="1069864" started-at="2019-05-03T17:41:20Z" finished-at="2019-05-03T17:59:10Z">
          <reporter-output>
          </reporter-output>
        </test-method> <!-- readExcel -->
      </class> <!-- WebServiceTesting.API.GetTest -->
    </test> <!-- Default test -->
  </suite> <!-- Default suite -->
</testng-results>
